<?xml version="1.0" encoding="UTF-8"?>
<!-- Generated by org.testng.reporters.JUnitXMLReporter -->
<testsuite ignored="0" hostname="Anees" failures="0" tests="10" name="Surefire test" time="18.603" errors="0" timestamp="2023-08-13T17:33:51 IST">
  <testcase classname="api.test.DataDrivenTests" name="testPostUser2" time="3.468"/>
  <testcase classname="api.test.DataDrivenTests" name="testPostUser2" time="1.298"/>
  <testcase classname="api.test.DataDrivenTests" name="testPostUser2" time="1.3"/>
  <testcase classname="api.test.DataDrivenTests" name="testDeleteUserByNames2" time="1.271"/>
  <testcase classname="api.test.DataDrivenTests" name="testDeleteUserByNames2" time="1.26"/>
  <testcase classname="api.test.DataDrivenTests" name="testDeleteUserByNames2" time="1.282"/>
  <testcase classname="api.test.UserTest" name="testPostUser" time="1.263"/>
  <testcase classname="api.test.UserTest" name="testGetUserByName" time="1.274"/>
  <testcase classname="api.test.UserTest" name="testUpdateUserByName" time="2.548"/>
  <testcase classname="api.test.UserTest" name="testDeleteUserByName" time="1.196"/>
</testsuite> <!-- Surefire test -->
