<?xml version="1.0" encoding="UTF-8"?>
<!-- Generated by org.testng.reporters.JUnitXMLReporter -->
<testsuite ignored="0" hostname="Anees" failures="0" tests="10" name="Surefire test" time="21.302" errors="0" timestamp="2023-08-13T21:42:40 IST">
  <testcase classname="api.test.DataDrivenTests" name="testPostUser2" time="4.68"/>
  <testcase classname="api.test.DataDrivenTests" name="testPostUser2" time="1.299"/>
  <testcase classname="api.test.DataDrivenTests" name="testPostUser2" time="1.314"/>
  <testcase classname="api.test.DataDrivenTests" name="testDeleteUserByNames2" time="1.333"/>
  <testcase classname="api.test.DataDrivenTests" name="testDeleteUserByNames2" time="1.262"/>
  <testcase classname="api.test.DataDrivenTests" name="testDeleteUserByNames2" time="1.276"/>
  <testcase classname="api.test.UserTest" name="testPostUser" time="1.234"/>
  <testcase classname="api.test.UserTest" name="testGetUserByName" time="1.28"/>
  <testcase classname="api.test.UserTest" name="testUpdateUserByName" time="2.449"/>
  <testcase classname="api.test.UserTest" name="testDeleteUserByName" time="1.253"/>
</testsuite> <!-- Surefire test -->
