<?xml version="1.0" encoding="UTF-8"?>
<!-- Generated by org.testng.reporters.JUnitXMLReporter -->
<testsuite ignored="0" hostname="Anees" failures="0" tests="6" name="Default test" time="10.813" errors="0" timestamp="2023-08-13T14:30:39 IST">
  <testcase classname="api.test.DataDrivenTests" name="testPostUser" time="3.134"/>
  <testcase classname="api.test.DataDrivenTests" name="testPostUser" time="1.254"/>
  <testcase classname="api.test.DataDrivenTests" name="testPostUser" time="1.213"/>
  <testcase classname="api.test.DataDrivenTests" name="testDeleteUserByNames" time="1.317"/>
  <testcase classname="api.test.DataDrivenTests" name="testDeleteUserByNames" time="1.266"/>
  <testcase classname="api.test.DataDrivenTests" name="testDeleteUserByNames" time="1.253"/>
</testsuite> <!-- Default test -->
