<?xml version="1.0" encoding="UTF-8"?>
<!-- Generated by org.testng.reporters.JUnitXMLReporter -->
<testsuite ignored="0" hostname="Anees" failures="0" tests="10" name="PetTest" time="20.986" errors="0" timestamp="2023-08-13T21:46:18 IST">
  <testcase classname="api.test.DataDrivenTests" name="testPostUser2" time="4.302"/>
  <testcase classname="api.test.DataDrivenTests" name="testPostUser2" time="1.325"/>
  <testcase classname="api.test.DataDrivenTests" name="testPostUser2" time="1.314"/>
  <testcase classname="api.test.DataDrivenTests" name="testDeleteUserByNames2" time="1.315"/>
  <testcase classname="api.test.DataDrivenTests" name="testDeleteUserByNames2" time="1.265"/>
  <testcase classname="api.test.DataDrivenTests" name="testDeleteUserByNames2" time="1.327"/>
  <testcase classname="api.test.UserTest2" name="testPostUser" time="1.29"/>
  <testcase classname="api.test.UserTest2" name="testGetUserByName" time="1.311"/>
  <testcase classname="api.test.UserTest2" name="testUpdateUserByName" time="2.543"/>
  <testcase classname="api.test.UserTest2" name="testDeleteUserByName" time="1.244"/>
</testsuite> <!-- PetTest -->
