<?xml version="1.0" encoding="UTF-8"?>
<!-- Generated by org.testng.reporters.JUnitXMLReporter -->
<testsuite ignored="0" hostname="Anees" failures="0" tests="10" name="Test" time="17.339" errors="0" timestamp="2023-08-13T15:01:37 IST">
  <testcase classname="api.test.DataDrivenTests" name="testPostUser2" time="2.982"/>
  <testcase classname="api.test.DataDrivenTests" name="testPostUser2" time="1.279"/>
  <testcase classname="api.test.DataDrivenTests" name="testPostUser2" time="1.245"/>
  <testcase classname="api.test.DataDrivenTests" name="testDeleteUserByNames2" time="1.33"/>
  <testcase classname="api.test.DataDrivenTests" name="testDeleteUserByNames2" time="1.31"/>
  <testcase classname="api.test.DataDrivenTests" name="testDeleteUserByNames2" time="1.31"/>
  <testcase classname="api.test.UserTest" name="testPostUser" time="1.258"/>
  <testcase classname="api.test.UserTest" name="testGetUserByName" time="1.278"/>
  <testcase classname="api.test.UserTest" name="testUpdateUserByName" time="2.501"/>
  <testcase classname="api.test.UserTest" name="testDeleteUserByName" time="1.283"/>
</testsuite> <!-- Test -->
