<?xml version="1.0" encoding="UTF-8"?>
<testsuite xmlns:xsi="http://www.w3.org/2001/XMLSchema-instance" xsi:noNamespaceSchemaLocation="https://maven.apache.org/surefire/maven-surefire-plugin/xsd/surefire-test-report-3.0.xsd" version="3.0" name="TestSuite" time="22.098" tests="10" errors="0" skipped="0" failures="0">
  <properties>
[...]
</properties>
  <testcase name="testPostUser2[1010, testuser1, Mohammed, Anees, a@gmail.com, test@1, 9741818044](1)" classname="api.test.DataDrivenTests" time="4.689">
    <system-out><![CDATA[HTTP/1.1 200 OK
Date: Sun, 13 Aug 2023 16:10:05 GMT
Content-Type: application/json
Transfer-Encoding: chunked
Connection: keep-alive
Access-Control-Allow-Origin: *
Access-Control-Allow-Methods: GET, POST, DELETE, PUT
Access-Control-Allow-Headers: Content-Type, api_key, Authorization
Server: Jetty(9.2.9.v20150224)

{
    "code": 200,
    "type": "unknown",
    "message": "1010"
}
]]></system-out>
  </testcase>
  <testcase name="testPostUser2[1020, testuser2, Mohammed, Radil, b@gmail.com, test@2, 9741818044](2)" classname="api.test.DataDrivenTests" time="1.305">
    <system-out><![CDATA[HTTP/1.1 200 OK
Date: Sun, 13 Aug 2023 16:10:06 GMT
Content-Type: application/json
Transfer-Encoding: chunked
Connection: keep-alive
Access-Control-Allow-Origin: *
Access-Control-Allow-Methods: GET, POST, DELETE, PUT
Access-Control-Allow-Headers: Content-Type, api_key, Authorization
Server: Jetty(9.2.9.v20150224)

{
    "code": 200,
    "type": "unknown",
    "message": "1020"
}
]]></system-out>
  </testcase>
  <testcase name="testPostUser2[1030, testuser3, Mohammed, Shafeeq, c@gmail.com, test@3, 9741818044](3)" classname="api.test.DataDrivenTests" time="1.304">
    <system-out><![CDATA[HTTP/1.1 200 OK
Date: Sun, 13 Aug 2023 16:10:07 GMT
Content-Type: application/json
Transfer-Encoding: chunked
Connection: keep-alive
Access-Control-Allow-Origin: *
Access-Control-Allow-Methods: GET, POST, DELETE, PUT
Access-Control-Allow-Headers: Content-Type, api_key, Authorization
Server: Jetty(9.2.9.v20150224)

{
    "code": 200,
    "type": "unknown",
    "message": "1030"
}
]]></system-out>
  </testcase>
  <testcase name="testDeleteUserByNames2[testuser1](1)" classname="api.test.DataDrivenTests" time="1.341">
    <system-out><![CDATA[HTTP/1.1 200 OK
Date: Sun, 13 Aug 2023 16:10:09 GMT
Content-Type: application/json
Transfer-Encoding: chunked
Connection: keep-alive
Access-Control-Allow-Origin: *
Access-Control-Allow-Methods: GET, POST, DELETE, PUT
Access-Control-Allow-Headers: Content-Type, api_key, Authorization
Server: Jetty(9.2.9.v20150224)

{
    "code": 200,
    "type": "unknown",
    "message": "testuser1"
}
]]></system-out>
  </testcase>
  <testcase name="testDeleteUserByNames2[testuser2](2)" classname="api.test.DataDrivenTests" time="1.274">
    <system-out><![CDATA[HTTP/1.1 200 OK
Date: Sun, 13 Aug 2023 16:10:10 GMT
Content-Type: application/json
Transfer-Encoding: chunked
Connection: keep-alive
Access-Control-Allow-Origin: *
Access-Control-Allow-Methods: GET, POST, DELETE, PUT
Access-Control-Allow-Headers: Content-Type, api_key, Authorization
Server: Jetty(9.2.9.v20150224)

{
    "code": 200,
    "type": "unknown",
    "message": "testuser2"
}
]]></system-out>
  </testcase>
  <testcase name="testDeleteUserByNames2[testuser3](3)" classname="api.test.DataDrivenTests" time="1.299">
    <system-out><![CDATA[HTTP/1.1 200 OK
Date: Sun, 13 Aug 2023 16:10:11 GMT
Content-Type: application/json
Transfer-Encoding: chunked
Connection: keep-alive
Access-Control-Allow-Origin: *
Access-Control-Allow-Methods: GET, POST, DELETE, PUT
Access-Control-Allow-Headers: Content-Type, api_key, Authorization
Server: Jetty(9.2.9.v20150224)

{
    "code": 200,
    "type": "unknown",
    "message": "testuser3"
}
]]></system-out>
  </testcase>
  <testcase name="testPostUser" classname="api.test.UserTest" time="1.239">
    <system-out><![CDATA[HTTP/1.1 200 OK
Date: Sun, 13 Aug 2023 16:10:13 GMT
Content-Type: application/json
Transfer-Encoding: chunked
Connection: keep-alive
Access-Control-Allow-Origin: *
Access-Control-Allow-Methods: GET, POST, DELETE, PUT
Access-Control-Allow-Headers: Content-Type, api_key, Authorization
Server: Jetty(9.2.9.v20150224)

{
    "code": 200,
    "type": "unknown",
    "message": "347691330"
}
{
    "code": 200,
    "type": "unknown",
    "message": "347691330"
}
]]></system-out>
  </testcase>
  <testcase name="testGetUserByName" classname="api.test.UserTest" time="1.28">
    <system-out><![CDATA[HTTP/1.1 200 OK
Date: Sun, 13 Aug 2023 16:10:14 GMT
Content-Type: application/json
Transfer-Encoding: chunked
Connection: keep-alive
Access-Control-Allow-Origin: *
Access-Control-Allow-Methods: GET, POST, DELETE, PUT
Access-Control-Allow-Headers: Content-Type, api_key, Authorization
Server: Jetty(9.2.9.v20150224)

{
    "id": 347691330,
    "username": "miguel.windler",
    "firstName": "Mckenzie",
    "lastName": "Witting",
    "email": "dwight.stark@example.com",
    "password": "sb5we87",
    "phone": "1-522-662-4831",
    "userStatus": 0
}
{
    "id": 347691330,
    "username": "miguel.windler",
    "firstName": "Mckenzie",
    "lastName": "Witting",
    "email": "dwight.stark@example.com",
    "password": "sb5we87",
    "phone": "1-522-662-4831",
    "userStatus": 0
}
]]></system-out>
  </testcase>
  <testcase name="testUpdateUserByName" classname="api.test.UserTest" time="2.454">
    <system-out><![CDATA[HTTP/1.1 200 OK
Date: Sun, 13 Aug 2023 16:10:15 GMT
Content-Type: application/json
Transfer-Encoding: chunked
Connection: keep-alive
Access-Control-Allow-Origin: *
Access-Control-Allow-Methods: GET, POST, DELETE, PUT
Access-Control-Allow-Headers: Content-Type, api_key, Authorization
Server: Jetty(9.2.9.v20150224)

{
    "code": 200,
    "type": "unknown",
    "message": "347691330"
}
HTTP/1.1 200 OK
Date: Sun, 13 Aug 2023 16:10:15 GMT
Content-Type: application/json
Transfer-Encoding: chunked
Connection: keep-alive
Access-Control-Allow-Origin: *
Access-Control-Allow-Methods: GET, POST, DELETE, PUT
Access-Control-Allow-Headers: Content-Type, api_key, Authorization
Server: Jetty(9.2.9.v20150224)

{
    "code": 200,
    "type": "unknown",
    "message": "347691330"
}
]]></system-out>
  </testcase>
  <testcase name="testDeleteUserByName" classname="api.test.UserTest" time="1.246">
    <system-out><![CDATA[HTTP/1.1 200 OK
Date: Sun, 13 Aug 2023 16:10:18 GMT
Content-Type: application/json
Transfer-Encoding: chunked
Connection: keep-alive
Access-Control-Allow-Origin: *
Access-Control-Allow-Methods: GET, POST, DELETE, PUT
Access-Control-Allow-Headers: Content-Type, api_key, Authorization
Server: Jetty(9.2.9.v20150224)

{
    "code": 200,
    "type": "unknown",
    "message": "miguel.windler"
}
]]></system-out>
  </testcase>
</testsuite>