<?xml version="1.0" encoding="UTF-8"?>
<testng-results ignored="0" total="10" passed="10" failed="0" skipped="0">
  <reporter-output>
  </reporter-output>
  <suite started-at="2023-08-13T17:33:32 IST" name="Surefire suite" finished-at="2023-08-13T17:33:51 IST" duration-ms="18603">
    <groups>
    </groups>
    <test started-at="2023-08-13T17:33:32 IST" name="Surefire test" finished-at="2023-08-13T17:33:51 IST" duration-ms="18603">
      <class name="api.test.DataDrivenTests">
        <test-method signature="testPostUser2(java.lang.String,java.lang.String,java.lang.String,java.lang.String,java.lang.String,java.lang.String,java.lang.String)[pri:1, instance:api.test.DataDrivenTests@657c8ad9]" started-at="2023-08-13T17:33:34 IST" name="testPostUser2" data-provider="Data" finished-at="2023-08-13T17:33:38 IST" duration-ms="3468" status="PASS">
          <params>
            <param index="0">
              <value>
                <![CDATA[1010]]>
              </value>
            </param>
            <param index="1">
              <value>
                <![CDATA[testuser1]]>
              </value>
            </param>
            <param index="2">
              <value>
                <![CDATA[Mohammed]]>
              </value>
            </param>
            <param index="3">
              <value>
                <![CDATA[Anees]]>
              </value>
            </param>
            <param index="4">
              <value>
                <![CDATA[a@gmail.com]]>
              </value>
            </param>
            <param index="5">
              <value>
                <![CDATA[test@1]]>
              </value>
            </param>
            <param index="6">
              <value>
                <![CDATA[9741818044]]>
              </value>
            </param>
          </params>
          <reporter-output>
          </reporter-output>
        </test-method> <!-- testPostUser2 -->
        <test-method signature="testPostUser2(java.lang.String,java.lang.String,java.lang.String,java.lang.String,java.lang.String,java.lang.String,java.lang.String)[pri:1, instance:api.test.DataDrivenTests@657c8ad9]" started-at="2023-08-13T17:33:38 IST" name="testPostUser2" data-provider="Data" finished-at="2023-08-13T17:33:39 IST" duration-ms="1298" status="PASS">
          <params>
            <param index="0">
              <value>
                <![CDATA[1020]]>
              </value>
            </param>
            <param index="1">
              <value>
                <![CDATA[testuser2]]>
              </value>
            </param>
            <param index="2">
              <value>
                <![CDATA[Mohammed]]>
              </value>
            </param>
            <param index="3">
              <value>
                <![CDATA[Radil]]>
              </value>
            </param>
            <param index="4">
              <value>
                <![CDATA[b@gmail.com]]>
              </value>
            </param>
            <param index="5">
              <value>
                <![CDATA[test@2]]>
              </value>
            </param>
            <param index="6">
              <value>
                <![CDATA[9741818044]]>
              </value>
            </param>
          </params>
          <reporter-output>
          </reporter-output>
        </test-method> <!-- testPostUser2 -->
        <test-method signature="testPostUser2(java.lang.String,java.lang.String,java.lang.String,java.lang.String,java.lang.String,java.lang.String,java.lang.String)[pri:1, instance:api.test.DataDrivenTests@657c8ad9]" started-at="2023-08-13T17:33:39 IST" name="testPostUser2" data-provider="Data" finished-at="2023-08-13T17:33:40 IST" duration-ms="1300" status="PASS">
          <params>
            <param index="0">
              <value>
                <![CDATA[1030]]>
              </value>
            </param>
            <param index="1">
              <value>
                <![CDATA[testuser3]]>
              </value>
            </param>
            <param index="2">
              <value>
                <![CDATA[Mohammed]]>
              </value>
            </param>
            <param index="3">
              <value>
                <![CDATA[Shafeeq]]>
              </value>
            </param>
            <param index="4">
              <value>
                <![CDATA[c@gmail.com]]>
              </value>
            </param>
            <param index="5">
              <value>
                <![CDATA[test@3]]>
              </value>
            </param>
            <param index="6">
              <value>
                <![CDATA[9741818044]]>
              </value>
            </param>
          </params>
          <reporter-output>
          </reporter-output>
        </test-method> <!-- testPostUser2 -->
        <test-method signature="testDeleteUserByNames2(java.lang.String)[pri:2, instance:api.test.DataDrivenTests@657c8ad9]" started-at="2023-08-13T17:33:41 IST" name="testDeleteUserByNames2" data-provider="UserNames" finished-at="2023-08-13T17:33:42 IST" duration-ms="1271" status="PASS">
          <params>
            <param index="0">
              <value>
                <![CDATA[testuser1]]>
              </value>
            </param>
          </params>
          <reporter-output>
          </reporter-output>
        </test-method> <!-- testDeleteUserByNames2 -->
        <test-method signature="testDeleteUserByNames2(java.lang.String)[pri:2, instance:api.test.DataDrivenTests@657c8ad9]" started-at="2023-08-13T17:33:42 IST" name="testDeleteUserByNames2" data-provider="UserNames" finished-at="2023-08-13T17:33:43 IST" duration-ms="1260" status="PASS">
          <params>
            <param index="0">
              <value>
                <![CDATA[testuser2]]>
              </value>
            </param>
          </params>
          <reporter-output>
          </reporter-output>
        </test-method> <!-- testDeleteUserByNames2 -->
        <test-method signature="testDeleteUserByNames2(java.lang.String)[pri:2, instance:api.test.DataDrivenTests@657c8ad9]" started-at="2023-08-13T17:33:43 IST" name="testDeleteUserByNames2" data-provider="UserNames" finished-at="2023-08-13T17:33:44 IST" duration-ms="1282" status="PASS">
          <params>
            <param index="0">
              <value>
                <![CDATA[testuser3]]>
              </value>
            </param>
          </params>
          <reporter-output>
          </reporter-output>
        </test-method> <!-- testDeleteUserByNames2 -->
      </class> <!-- api.test.DataDrivenTests -->
      <class name="api.test.UserTest">
        <test-method is-config="true" signature="setUp()[pri:0, instance:api.test.UserTest@402e37bc]" started-at="2023-08-13T17:33:44 IST" name="setUp" finished-at="2023-08-13T17:33:45 IST" duration-ms="225" status="PASS">
          <reporter-output>
          </reporter-output>
        </test-method> <!-- setUp -->
        <test-method signature="testPostUser()[pri:1, instance:api.test.UserTest@402e37bc]" started-at="2023-08-13T17:33:45 IST" name="testPostUser" finished-at="2023-08-13T17:33:46 IST" duration-ms="1263" status="PASS">
          <reporter-output>
          </reporter-output>
        </test-method> <!-- testPostUser -->
        <test-method signature="testGetUserByName()[pri:2, instance:api.test.UserTest@402e37bc]" started-at="2023-08-13T17:33:46 IST" name="testGetUserByName" finished-at="2023-08-13T17:33:47 IST" duration-ms="1274" status="PASS">
          <reporter-output>
          </reporter-output>
        </test-method> <!-- testGetUserByName -->
        <test-method signature="testUpdateUserByName()[pri:3, instance:api.test.UserTest@402e37bc]" started-at="2023-08-13T17:33:47 IST" name="testUpdateUserByName" finished-at="2023-08-13T17:33:50 IST" duration-ms="2548" status="PASS">
          <reporter-output>
          </reporter-output>
        </test-method> <!-- testUpdateUserByName -->
        <test-method signature="testDeleteUserByName()[pri:4, instance:api.test.UserTest@402e37bc]" started-at="2023-08-13T17:33:50 IST" name="testDeleteUserByName" finished-at="2023-08-13T17:33:51 IST" duration-ms="1196" status="PASS">
          <reporter-output>
          </reporter-output>
        </test-method> <!-- testDeleteUserByName -->
      </class> <!-- api.test.UserTest -->
    </test> <!-- Surefire test -->
  </suite> <!-- Surefire suite -->
</testng-results>
