<?xml version="1.0" encoding="UTF-8"?>
<testng-results ignored="0" total="10" passed="10" failed="0" skipped="0">
  <reporter-output>
  </reporter-output>
  <suite started-at="2023-08-13T21:42:18 IST" name="Surefire suite" finished-at="2023-08-13T21:42:40 IST" duration-ms="21302">
    <groups>
    </groups>
    <test started-at="2023-08-13T21:42:18 IST" name="Surefire test" finished-at="2023-08-13T21:42:40 IST" duration-ms="21302">
      <class name="api.test.DataDrivenTests">
        <test-method signature="testPostUser2(java.lang.String,java.lang.String,java.lang.String,java.lang.String,java.lang.String,java.lang.String,java.lang.String)[pri:1, instance:api.test.DataDrivenTests@436a4e4b]" started-at="2023-08-13T21:42:22 IST" name="testPostUser2" data-provider="Data" finished-at="2023-08-13T21:42:27 IST" duration-ms="4680" status="PASS">
          <params>
            <param index="0">
              <value>
                <![CDATA[1010]]>
              </value>
            </param>
            <param index="1">
              <value>
                <![CDATA[testuser1]]>
              </value>
            </param>
            <param index="2">
              <value>
                <![CDATA[Mohammed]]>
              </value>
            </param>
            <param index="3">
              <value>
                <![CDATA[Anees]]>
              </value>
            </param>
            <param index="4">
              <value>
                <![CDATA[a@gmail.com]]>
              </value>
            </param>
            <param index="5">
              <value>
                <![CDATA[test@1]]>
              </value>
            </param>
            <param index="6">
              <value>
                <![CDATA[9741818044]]>
              </value>
            </param>
          </params>
          <reporter-output>
          </reporter-output>
        </test-method> <!-- testPostUser2 -->
        <test-method signature="testPostUser2(java.lang.String,java.lang.String,java.lang.String,java.lang.String,java.lang.String,java.lang.String,java.lang.String)[pri:1, instance:api.test.DataDrivenTests@436a4e4b]" started-at="2023-08-13T21:42:27 IST" name="testPostUser2" data-provider="Data" finished-at="2023-08-13T21:42:28 IST" duration-ms="1299" status="PASS">
          <params>
            <param index="0">
              <value>
                <![CDATA[1020]]>
              </value>
            </param>
            <param index="1">
              <value>
                <![CDATA[testuser2]]>
              </value>
            </param>
            <param index="2">
              <value>
                <![CDATA[Mohammed]]>
              </value>
            </param>
            <param index="3">
              <value>
                <![CDATA[Radil]]>
              </value>
            </param>
            <param index="4">
              <value>
                <![CDATA[b@gmail.com]]>
              </value>
            </param>
            <param index="5">
              <value>
                <![CDATA[test@2]]>
              </value>
            </param>
            <param index="6">
              <value>
                <![CDATA[9741818044]]>
              </value>
            </param>
          </params>
          <reporter-output>
          </reporter-output>
        </test-method> <!-- testPostUser2 -->
        <test-method signature="testPostUser2(java.lang.String,java.lang.String,java.lang.String,java.lang.String,java.lang.String,java.lang.String,java.lang.String)[pri:1, instance:api.test.DataDrivenTests@436a4e4b]" started-at="2023-08-13T21:42:28 IST" name="testPostUser2" data-provider="Data" finished-at="2023-08-13T21:42:29 IST" duration-ms="1314" status="PASS">
          <params>
            <param index="0">
              <value>
                <![CDATA[1030]]>
              </value>
            </param>
            <param index="1">
              <value>
                <![CDATA[testuser3]]>
              </value>
            </param>
            <param index="2">
              <value>
                <![CDATA[Mohammed]]>
              </value>
            </param>
            <param index="3">
              <value>
                <![CDATA[Shafeeq]]>
              </value>
            </param>
            <param index="4">
              <value>
                <![CDATA[c@gmail.com]]>
              </value>
            </param>
            <param index="5">
              <value>
                <![CDATA[test@3]]>
              </value>
            </param>
            <param index="6">
              <value>
                <![CDATA[9741818044]]>
              </value>
            </param>
          </params>
          <reporter-output>
          </reporter-output>
        </test-method> <!-- testPostUser2 -->
        <test-method signature="testDeleteUserByNames2(java.lang.String)[pri:2, instance:api.test.DataDrivenTests@436a4e4b]" started-at="2023-08-13T21:42:29 IST" name="testDeleteUserByNames2" data-provider="UserNames" finished-at="2023-08-13T21:42:31 IST" duration-ms="1333" status="PASS">
          <params>
            <param index="0">
              <value>
                <![CDATA[testuser1]]>
              </value>
            </param>
          </params>
          <reporter-output>
          </reporter-output>
        </test-method> <!-- testDeleteUserByNames2 -->
        <test-method signature="testDeleteUserByNames2(java.lang.String)[pri:2, instance:api.test.DataDrivenTests@436a4e4b]" started-at="2023-08-13T21:42:31 IST" name="testDeleteUserByNames2" data-provider="UserNames" finished-at="2023-08-13T21:42:32 IST" duration-ms="1262" status="PASS">
          <params>
            <param index="0">
              <value>
                <![CDATA[testuser2]]>
              </value>
            </param>
          </params>
          <reporter-output>
          </reporter-output>
        </test-method> <!-- testDeleteUserByNames2 -->
        <test-method signature="testDeleteUserByNames2(java.lang.String)[pri:2, instance:api.test.DataDrivenTests@436a4e4b]" started-at="2023-08-13T21:42:32 IST" name="testDeleteUserByNames2" data-provider="UserNames" finished-at="2023-08-13T21:42:33 IST" duration-ms="1276" status="PASS">
          <params>
            <param index="0">
              <value>
                <![CDATA[testuser3]]>
              </value>
            </param>
          </params>
          <reporter-output>
          </reporter-output>
        </test-method> <!-- testDeleteUserByNames2 -->
      </class> <!-- api.test.DataDrivenTests -->
      <class name="api.test.UserTest">
        <test-method is-config="true" signature="setUp()[pri:0, instance:api.test.UserTest@79ad8b2f]" started-at="2023-08-13T21:42:33 IST" name="setUp" finished-at="2023-08-13T21:42:34 IST" duration-ms="303" status="PASS">
          <reporter-output>
          </reporter-output>
        </test-method> <!-- setUp -->
        <test-method signature="testPostUser()[pri:1, instance:api.test.UserTest@79ad8b2f]" started-at="2023-08-13T21:42:34 IST" name="testPostUser" finished-at="2023-08-13T21:42:35 IST" duration-ms="1234" status="PASS">
          <reporter-output>
          </reporter-output>
        </test-method> <!-- testPostUser -->
        <test-method signature="testGetUserByName()[pri:2, instance:api.test.UserTest@79ad8b2f]" started-at="2023-08-13T21:42:35 IST" name="testGetUserByName" finished-at="2023-08-13T21:42:36 IST" duration-ms="1280" status="PASS">
          <reporter-output>
          </reporter-output>
        </test-method> <!-- testGetUserByName -->
        <test-method signature="testUpdateUserByName()[pri:3, instance:api.test.UserTest@79ad8b2f]" started-at="2023-08-13T21:42:36 IST" name="testUpdateUserByName" finished-at="2023-08-13T21:42:38 IST" duration-ms="2449" status="PASS">
          <reporter-output>
          </reporter-output>
        </test-method> <!-- testUpdateUserByName -->
        <test-method signature="testDeleteUserByName()[pri:4, instance:api.test.UserTest@79ad8b2f]" started-at="2023-08-13T21:42:38 IST" name="testDeleteUserByName" finished-at="2023-08-13T21:42:40 IST" duration-ms="1253" status="PASS">
          <reporter-output>
          </reporter-output>
        </test-method> <!-- testDeleteUserByName -->
      </class> <!-- api.test.UserTest -->
    </test> <!-- Surefire test -->
  </suite> <!-- Surefire suite -->
</testng-results>
