<?xml version="1.0" encoding="UTF-8"?>
<testng-results ignored="0" total="4" passed="4" failed="0" skipped="0">
  <reporter-output>
  </reporter-output>
  <suite started-at="2023-08-13T16:34:41 IST" name="Suite" finished-at="2023-08-13T16:34:50 IST" duration-ms="9158">
    <groups>
    </groups>
    <test started-at="2023-08-13T16:34:41 IST" name="PetTest" finished-at="2023-08-13T16:34:50 IST" duration-ms="9158">
      <class name="api.test.UserTest2">
        <test-method is-config="true" signature="setUp()[pri:0, instance:api.test.UserTest2@6d763516]" started-at="2023-08-13T16:34:41 IST" name="setUp" finished-at="2023-08-13T16:34:42 IST" duration-ms="707" status="PASS">
          <reporter-output>
          </reporter-output>
        </test-method> <!-- setUp -->
        <test-method signature="testPostUser()[pri:1, instance:api.test.UserTest2@6d763516]" started-at="2023-08-13T16:34:42 IST" name="testPostUser" finished-at="2023-08-13T16:34:45 IST" duration-ms="3090" status="PASS">
          <reporter-output>
          </reporter-output>
        </test-method> <!-- testPostUser -->
        <test-method signature="testGetUserByName()[pri:2, instance:api.test.UserTest2@6d763516]" started-at="2023-08-13T16:34:45 IST" name="testGetUserByName" finished-at="2023-08-13T16:34:46 IST" duration-ms="1342" status="PASS">
          <reporter-output>
          </reporter-output>
        </test-method> <!-- testGetUserByName -->
        <test-method signature="testUpdateUserByName()[pri:3, instance:api.test.UserTest2@6d763516]" started-at="2023-08-13T16:34:46 IST" name="testUpdateUserByName" finished-at="2023-08-13T16:34:49 IST" duration-ms="2515" status="PASS">
          <reporter-output>
          </reporter-output>
        </test-method> <!-- testUpdateUserByName -->
        <test-method signature="testDeleteUserByName()[pri:4, instance:api.test.UserTest2@6d763516]" started-at="2023-08-13T16:34:49 IST" name="testDeleteUserByName" finished-at="2023-08-13T16:34:50 IST" duration-ms="1253" status="PASS">
          <reporter-output>
          </reporter-output>
        </test-method> <!-- testDeleteUserByName -->
      </class> <!-- api.test.UserTest2 -->
    </test> <!-- PetTest -->
  </suite> <!-- Suite -->
</testng-results>
