<?xml version="1.0" encoding="UTF-8"?>
<testng-results ignored="0" total="10" passed="10" failed="0" skipped="0">
  <reporter-output>
  </reporter-output>
  <suite started-at="2023-08-13T21:45:57 IST" name="Suite" finished-at="2023-08-13T21:46:18 IST" duration-ms="20986">
    <groups>
    </groups>
    <test started-at="2023-08-13T21:45:57 IST" name="PetTest" finished-at="2023-08-13T21:46:18 IST" duration-ms="20986">
      <class name="api.test.DataDrivenTests">
        <test-method signature="testPostUser2(java.lang.String,java.lang.String,java.lang.String,java.lang.String,java.lang.String,java.lang.String,java.lang.String)[pri:1, instance:api.test.DataDrivenTests@32eff876]" started-at="2023-08-13T21:46:00 IST" name="testPostUser2" data-provider="Data" finished-at="2023-08-13T21:46:05 IST" duration-ms="4302" status="PASS">
          <params>
            <param index="0">
              <value>
                <![CDATA[1010]]>
              </value>
            </param>
            <param index="1">
              <value>
                <![CDATA[testuser1]]>
              </value>
            </param>
            <param index="2">
              <value>
                <![CDATA[Mohammed]]>
              </value>
            </param>
            <param index="3">
              <value>
                <![CDATA[Anees]]>
              </value>
            </param>
            <param index="4">
              <value>
                <![CDATA[a@gmail.com]]>
              </value>
            </param>
            <param index="5">
              <value>
                <![CDATA[test@1]]>
              </value>
            </param>
            <param index="6">
              <value>
                <![CDATA[9741818044]]>
              </value>
            </param>
          </params>
          <reporter-output>
          </reporter-output>
        </test-method> <!-- testPostUser2 -->
        <test-method signature="testPostUser2(java.lang.String,java.lang.String,java.lang.String,java.lang.String,java.lang.String,java.lang.String,java.lang.String)[pri:1, instance:api.test.DataDrivenTests@32eff876]" started-at="2023-08-13T21:46:05 IST" name="testPostUser2" data-provider="Data" finished-at="2023-08-13T21:46:06 IST" duration-ms="1325" status="PASS">
          <params>
            <param index="0">
              <value>
                <![CDATA[1020]]>
              </value>
            </param>
            <param index="1">
              <value>
                <![CDATA[testuser2]]>
              </value>
            </param>
            <param index="2">
              <value>
                <![CDATA[Mohammed]]>
              </value>
            </param>
            <param index="3">
              <value>
                <![CDATA[Radil]]>
              </value>
            </param>
            <param index="4">
              <value>
                <![CDATA[b@gmail.com]]>
              </value>
            </param>
            <param index="5">
              <value>
                <![CDATA[test@2]]>
              </value>
            </param>
            <param index="6">
              <value>
                <![CDATA[9741818044]]>
              </value>
            </param>
          </params>
          <reporter-output>
          </reporter-output>
        </test-method> <!-- testPostUser2 -->
        <test-method signature="testPostUser2(java.lang.String,java.lang.String,java.lang.String,java.lang.String,java.lang.String,java.lang.String,java.lang.String)[pri:1, instance:api.test.DataDrivenTests@32eff876]" started-at="2023-08-13T21:46:06 IST" name="testPostUser2" data-provider="Data" finished-at="2023-08-13T21:46:07 IST" duration-ms="1314" status="PASS">
          <params>
            <param index="0">
              <value>
                <![CDATA[1030]]>
              </value>
            </param>
            <param index="1">
              <value>
                <![CDATA[testuser3]]>
              </value>
            </param>
            <param index="2">
              <value>
                <![CDATA[Mohammed]]>
              </value>
            </param>
            <param index="3">
              <value>
                <![CDATA[Shafeeq]]>
              </value>
            </param>
            <param index="4">
              <value>
                <![CDATA[c@gmail.com]]>
              </value>
            </param>
            <param index="5">
              <value>
                <![CDATA[test@3]]>
              </value>
            </param>
            <param index="6">
              <value>
                <![CDATA[9741818044]]>
              </value>
            </param>
          </params>
          <reporter-output>
          </reporter-output>
        </test-method> <!-- testPostUser2 -->
        <test-method signature="testDeleteUserByNames2(java.lang.String)[pri:2, instance:api.test.DataDrivenTests@32eff876]" started-at="2023-08-13T21:46:08 IST" name="testDeleteUserByNames2" data-provider="UserNames" finished-at="2023-08-13T21:46:09 IST" duration-ms="1315" status="PASS">
          <params>
            <param index="0">
              <value>
                <![CDATA[testuser1]]>
              </value>
            </param>
          </params>
          <reporter-output>
          </reporter-output>
        </test-method> <!-- testDeleteUserByNames2 -->
        <test-method signature="testDeleteUserByNames2(java.lang.String)[pri:2, instance:api.test.DataDrivenTests@32eff876]" started-at="2023-08-13T21:46:09 IST" name="testDeleteUserByNames2" data-provider="UserNames" finished-at="2023-08-13T21:46:10 IST" duration-ms="1265" status="PASS">
          <params>
            <param index="0">
              <value>
                <![CDATA[testuser2]]>
              </value>
            </param>
          </params>
          <reporter-output>
          </reporter-output>
        </test-method> <!-- testDeleteUserByNames2 -->
        <test-method signature="testDeleteUserByNames2(java.lang.String)[pri:2, instance:api.test.DataDrivenTests@32eff876]" started-at="2023-08-13T21:46:10 IST" name="testDeleteUserByNames2" data-provider="UserNames" finished-at="2023-08-13T21:46:11 IST" duration-ms="1327" status="PASS">
          <params>
            <param index="0">
              <value>
                <![CDATA[testuser3]]>
              </value>
            </param>
          </params>
          <reporter-output>
          </reporter-output>
        </test-method> <!-- testDeleteUserByNames2 -->
      </class> <!-- api.test.DataDrivenTests -->
      <class name="api.test.UserTest2">
        <test-method is-config="true" signature="setUp()[pri:0, instance:api.test.UserTest2@72d1ad2e]" started-at="2023-08-13T21:46:11 IST" name="setUp" finished-at="2023-08-13T21:46:12 IST" duration-ms="269" status="PASS">
          <reporter-output>
          </reporter-output>
        </test-method> <!-- setUp -->
        <test-method signature="testPostUser()[pri:1, instance:api.test.UserTest2@72d1ad2e]" started-at="2023-08-13T21:46:12 IST" name="testPostUser" finished-at="2023-08-13T21:46:13 IST" duration-ms="1290" status="PASS">
          <reporter-output>
          </reporter-output>
        </test-method> <!-- testPostUser -->
        <test-method signature="testGetUserByName()[pri:2, instance:api.test.UserTest2@72d1ad2e]" started-at="2023-08-13T21:46:13 IST" name="testGetUserByName" finished-at="2023-08-13T21:46:14 IST" duration-ms="1311" status="PASS">
          <reporter-output>
          </reporter-output>
        </test-method> <!-- testGetUserByName -->
        <test-method signature="testUpdateUserByName()[pri:3, instance:api.test.UserTest2@72d1ad2e]" started-at="2023-08-13T21:46:14 IST" name="testUpdateUserByName" finished-at="2023-08-13T21:46:17 IST" duration-ms="2543" status="PASS">
          <reporter-output>
          </reporter-output>
        </test-method> <!-- testUpdateUserByName -->
        <test-method signature="testDeleteUserByName()[pri:4, instance:api.test.UserTest2@72d1ad2e]" started-at="2023-08-13T21:46:17 IST" name="testDeleteUserByName" finished-at="2023-08-13T21:46:18 IST" duration-ms="1244" status="PASS">
          <reporter-output>
          </reporter-output>
        </test-method> <!-- testDeleteUserByName -->
      </class> <!-- api.test.UserTest2 -->
    </test> <!-- PetTest -->
  </suite> <!-- Suite -->
</testng-results>
